Start testing: Jun 19 15:24 CEST
----------------------------------------------------------
1/2 Testing: test1
1/2 Test: test1
Command: "/home/SCIENCES/khdahmane/module-project/Project-SPI/build/test1ex"
Directory: /home/SCIENCES/khdahmane/module-project/Project-SPI/build
"test1" start time: Jun 19 15:24 CEST
Output:
----------------------------------------------------------
<end of output>
Test time =   0.00 sec
----------------------------------------------------------
Test Passed.
"test1" end time: Jun 19 15:24 CEST
"test1" time elapsed: 00:00:00
----------------------------------------------------------

2/2 Testing: test2
2/2 Test: test2
Command: "/home/SCIENCES/khdahmane/module-project/Project-SPI/build/test2ex"
Directory: /home/SCIENCES/khdahmane/module-project/Project-SPI/build
"test2" start time: Jun 19 15:24 CEST
Output:
----------------------------------------------------------
<end of output>
Test time =   0.00 sec
----------------------------------------------------------
Test Passed.
"test2" end time: Jun 19 15:24 CEST
"test2" time elapsed: 00:00:00
----------------------------------------------------------

End testing: Jun 19 15:24 CEST
